<?xml version="1.0" encoding="UTF-8"?>
<!-- Generated by org.testng.reporters.JUnitReportReporter -->
<testsuite skipped="0" hostname="mayank" name="com.qa.mgnrega.testcases.MISReportsPageTest" tests="2" failures="0" timestamp="12 May 2020 20:48:42 GMT" time="10.847" errors="0">
  <testcase name="openWebPortalPageTest" time="9.449" classname="com.qa.mgnrega.testcases.MISReportsPageTest"/>
  <testcase name="sendEmailToTeam" time="1.398" classname="com.qa.mgnrega.testcases.MISReportsPageTest"/>
</testsuite> <!-- com.qa.mgnrega.testcases.MISReportsPageTest -->
