<?xml version="1.0" encoding="UTF-8"?>
<!-- Generated by org.testng.reporters.JUnitReportReporter -->
<testsuite skipped="0" hostname="mayank" name="com.qa.mgnrega.testcases.WebPortalPageTest" tests="2" failures="0" timestamp="12 May 2020 12:34:36 GMT" time="31.491" errors="0">
  <testcase name="openWebPortalPageTest" time="17.477" classname="com.qa.mgnrega.testcases.WebPortalPageTest"/>
  <testcase name="navigationToMISReports" time="14.014" classname="com.qa.mgnrega.testcases.WebPortalPageTest"/>
</testsuite> <!-- com.qa.mgnrega.testcases.WebPortalPageTest -->
