<?xml version="1.0" encoding="UTF-8"?>
<!-- Generated by org.testng.reporters.JUnitReportReporter -->
<testsuite skipped="0" hostname="mayank" name="com.qa.mgnrega.testcases.MISReportsPageTest" tests="2" failures="0" timestamp="14 May 2020 09:42:48 GMT" time="5.672" errors="0">
  <testcase name="openWebPortalPageTest" time="4.793" classname="com.qa.mgnrega.testcases.MISReportsPageTest"/>
  <testcase name="sendEmailToTeam" time="0.879" classname="com.qa.mgnrega.testcases.MISReportsPageTest"/>
</testsuite> <!-- com.qa.mgnrega.testcases.MISReportsPageTest -->
