<?xml version="1.0" encoding="UTF-8"?>
<!-- Generated by org.testng.reporters.JUnitReportReporter -->
<testsuite skipped="0" hostname="mayank" name="com.qa.mgnrega.testcases.MISReportsPageTest" tests="2" failures="0" timestamp="13 May 2020 10:50:07 GMT" time="11.580" errors="0">
  <testcase name="openWebPortalPageTest" time="9.963" classname="com.qa.mgnrega.testcases.MISReportsPageTest"/>
  <testcase name="sendEmailToTeam" time="1.617" classname="com.qa.mgnrega.testcases.MISReportsPageTest"/>
</testsuite> <!-- com.qa.mgnrega.testcases.MISReportsPageTest -->
