<?xml version="1.0" encoding="UTF-8"?>
<!-- Generated by org.testng.reporters.JUnitReportReporter -->
<testsuite skipped="0" hostname="mayank" name="com.qa.mgnrega.testcases.MISReportsPageTest" tests="1" failures="0" timestamp="28 May 2020 06:00:49 GMT" time="4.769" errors="0">
  <testcase name="openWebPortalPageTest" time="4.769" classname="com.qa.mgnrega.testcases.MISReportsPageTest"/>
</testsuite> <!-- com.qa.mgnrega.testcases.MISReportsPageTest -->
