<?xml version="1.0" encoding="UTF-8"?>
<!-- Generated by org.testng.reporters.JUnitReportReporter -->
<testsuite skipped="0" hostname="mayank" name="com.qa.mgnrega.testcases.MISReportsPageTest" tests="1" failures="0" timestamp="14 May 2020 13:14:04 GMT" time="6.534" errors="0">
  <testcase name="openWebPortalPageTest" time="6.534" classname="com.qa.mgnrega.testcases.MISReportsPageTest"/>
</testsuite> <!-- com.qa.mgnrega.testcases.MISReportsPageTest -->
